<?xml version="1.0" encoding="UTF-8"?>
<!-- Generated by org.testng.reporters.JUnitReportReporter -->
<testsuite hostname="AMYSPAWAR" name="com.testingshashtra.smoke_test" tests="1" failures="0" timestamp="3 Mar 2020 07:05:43 GMT" time="0.016" errors="0">
  <testcase name="tc_02" time="0.016" classname="com.testingshashtra.smoke_test"/>
</testsuite> <!-- com.testingshashtra.smoke_test -->
